<?xml version="1.0" encoding="UTF-8"?>
<!-- Generated by org.testng.reporters.JUnitXMLReporter -->
<testsuite ignored="0" hostname="DESKTOP-ARDMUR1" failures="1" tests="1" name="Test1" time="20.683" errors="0" timestamp="2022-09-16T04:11:38 IST">
  <testcase classname="testcases.LoginTest" name="loginToApplication" time="1.616">
    <failure type="java.lang.AssertionError" message="Url mismatched - Login failed expected [true] but found [false]">
      <![CDATA[java.lang.AssertionError: Url mismatched - Login failed expected [true] but found [false]
at testcases.LoginTest.loginToApplication(LoginTest.java:31)
at java.base/java.util.ArrayList.forEach(ArrayList.java:1511)
... Removed 30 stack frames]]>
    </failure>
  </testcase> <!-- loginToApplication -->
</testsuite> <!-- Test1 -->
